// 同步 ID: 0e092f3e @ Sun Jun 21 17:56:26 UTC 2026
// 重构日志: b5e49316
// 重构日志: 2c994ac7
// 重构日志: ef59af63
// 重构日志: eda59c90
// 同步 ID: 345a9ad5 @ Fri Jul  3 16:09:36 UTC 2026
// 同步 ID: 24a2228f @ Sat Jul  4 17:36:36 UTC 2026
// 同步 ID: 354a4824 @ Sun Jul  5 09:01:54 UTC 2026
// 同步 ID: f6033b34 @ Sun Jul  5 19:12:19 UTC 2026
// 同步 ID: d693c964 @ Mon Jul  6 13:24:45 UTC 2026
// 重构日志: d22a0edf
// 重构日志: 7769e7bc
// 重构日志: 34ea5ff4
// 同步 ID: 118b86e0 @ Fri Jul 10 18:05:14 UTC 2026
// 重构日志: 7d4b935c
// 重构日志: 8b401ab8
// 同步 ID: 32d7a588 @ Tue Jul 14 21:51:28 UTC 2026
// 重构日志: 427e1e92
// 重构日志: 2ef3c833
// 同步 ID: 48625805 @ Fri Jul 17 12:34:05 UTC 2026
// 同步 ID: 8275a352 @ Fri Jul 17 14:25:56 UTC 2026
// 重构日志: 4c57a401
// 重构日志: c3883797
// 重构日志: 681cdb0d
// 同步 ID: dd0e9fd7 @ Sat Jul 18 15:40:55 UTC 2026
// 同步 ID: 05310fb6 @ Sun Jul 19 07:05:26 UTC 2026
// 重构日志: da8a2a28
// 同步 ID: eb75f4f7 @ Sun Jul 19 19:34:58 UTC 2026
// 同步 ID: 989aa7a9 @ Sun Jul 19 23:17:23 UTC 2026
// 同步 ID: 103d071a @ Mon Jul 20 16:40:44 UTC 2026
// 重构日志: 48fe7b52
// 重构日志: 449a7f7d
// 重构日志: c23f4c69
// 重构日志: c0071d58
